<?xml version="1.0" encoding="UTF-8"?>
<coverage generated="1580954150706" clover="3.2.0">
  <project timestamp="1580954150706" name="All files">
    <metrics statements="12" coveredstatements="8" conditionals="2" coveredconditionals="1" methods="8" coveredmethods="5" elements="22" coveredelements="14" complexity="0" loc="12" ncloc="12" packages="1" files="2" classes="2"/>
    <file name="dupe.js" path="/Users/fsarif/inclusion/untitled-potato/week1/day1/express-calculator/lib/dupe.js">
      <metrics statements="5" coveredstatements="2" conditionals="0" coveredconditionals="0" methods="4" coveredmethods="1"/>
      <line num="2" count="1" type="stmt"/>
      <line num="6" count="0" type="stmt"/>
      <line num="10" count="0" type="stmt"/>
      <line num="14" count="0" type="stmt"/>
      <line num="17" count="1" type="stmt"/>
    </file>
    <file name="operations.js" path="/Users/fsarif/inclusion/untitled-potato/week1/day1/express-calculator/lib/operations.js">
      <metrics statements="7" coveredstatements="6" conditionals="2" coveredconditionals="1" methods="4" coveredmethods="4"/>
      <line num="2" count="1" type="stmt"/>
      <line num="6" count="1" type="cond" truecount="1" falsecount="1"/>
      <line num="7" count="0" type="stmt"/>
      <line num="9" count="1" type="stmt"/>
      <line num="13" count="1" type="stmt"/>
      <line num="17" count="1" type="stmt"/>
      <line num="20" count="1" type="stmt"/>
    </file>
  </project>
</coverage>
